<?xml version="1.0" encoding="UTF-8"?>
<testsuite xmlns:xsi="http://www.w3.org/2001/XMLSchema-instance" xsi:noNamespaceSchemaLocation="https://maven.apache.org/surefire/maven-surefire-plugin/xsd/surefire-test-report.xsd" name="Smartbear order placing feature" time="431.712" tests="8" errors="2" skipped="0" failures="0">
  <properties>
[...]
</properties>
  <testcase name="SmartBear order process" classname="Smartbear order placing feature" time="314.339">
    <error message="timeout: Timed out receiving message from renderer: -0.009&#10;  (Session info: chrome=80.0.3987.132)&#10;Build info: version: &apos;3.141.59&apos;, revision: &apos;e82be7d358&apos;, time: &apos;2018-11-14T08:17:03&apos;&#10;System info: host: &apos;Akylbeks-MacBook-Pro.local&apos;, ip: &apos;192.168.1.131&apos;, os.name: &apos;Mac OS X&apos;, os.arch: &apos;x86_64&apos;, os.version: &apos;10.15.1&apos;, java.version: &apos;12.0.2&apos;&#10;Driver info: org.openqa.selenium.chrome.ChromeDriver&#10;Capabilities {acceptInsecureCerts: false, browserName: chrome, browserVersion: 80.0.3987.132, chrome: {chromedriverVersion: 80.0.3987.106 (f68069574609..., userDataDir: /var/folders/_k/f35cd2b56zl...}, goog:chromeOptions: {debuggerAddress: localhost:61115}, javascriptEnabled: true, networkConnectionEnabled: false, pageLoadStrategy: normal, platform: MAC, platformName: MAC, proxy: Proxy(), setWindowRect: true, strictFileInteractability: false, timeouts: {implicit: 0, pageLoad: 300000, script: 30000}, unhandledPromptBehavior: dismiss and notify}&#10;Session ID: f3859b0a53bd7d27d0622bfeb0653140" type="org.openqa.selenium.TimeoutException">org.openqa.selenium.TimeoutException: 
timeout: Timed out receiving message from renderer: -0.009
  (Session info: chrome=80.0.3987.132)
Build info: version: '3.141.59', revision: 'e82be7d358', time: '2018-11-14T08:17:03'
System info: host: 'Akylbeks-MacBook-Pro.local', ip: '192.168.1.131', os.name: 'Mac OS X', os.arch: 'x86_64', os.version: '10.15.1', java.version: '12.0.2'
Driver info: org.openqa.selenium.chrome.ChromeDriver
Capabilities {acceptInsecureCerts: false, browserName: chrome, browserVersion: 80.0.3987.132, chrome: {chromedriverVersion: 80.0.3987.106 (f68069574609..., userDataDir: /var/folders/_k/f35cd2b56zl...}, goog:chromeOptions: {debuggerAddress: localhost:61115}, javascriptEnabled: true, networkConnectionEnabled: false, pageLoadStrategy: normal, platform: MAC, platformName: MAC, proxy: Proxy(), setWindowRect: true, strictFileInteractability: false, timeouts: {implicit: 0, pageLoad: 300000, script: 30000}, unhandledPromptBehavior: dismiss and notify}
Session ID: f3859b0a53bd7d27d0622bfeb0653140
</error>
    <system-out><![CDATA[
&amp#27;[31mFailed scenarios:&amp#27;[0m
&amp#27;[31msrc/test/resources/features/SmartbearFeatures/orderProcess.feature:22 &amp#27;[0m# SmartBear order process
&amp#27;[31msrc/test/resources/features/SmartbearFeatures/orderProcess.feature:23 &amp#27;[0m# SmartBear order process

10 Scenarios (&amp#27;[31m2 failed&amp#27;[0m, &amp#27;[32m8 passed&amp#27;[0m)
114 Steps (&amp#27;[31m2 failed&amp#27;[0m, &amp#27;[36m23 skipped&amp#27;[0m, &amp#27;[32m89 passed&amp#27;[0m)
7m20.357s

org.openqa.selenium.TimeoutException: timeout: Timed out receiving message from renderer: -0.009
  (Session info: chrome=80.0.3987.132)
Build info: version: '3.141.59', revision: 'e82be7d358', time: '2018-11-14T08:17:03'
System info: host: 'Akylbeks-MacBook-Pro.local', ip: '192.168.1.131', os.name: 'Mac OS X', os.arch: 'x86_64', os.version: '10.15.1', java.version: '12.0.2'
Driver info: org.openqa.selenium.chrome.ChromeDriver
Capabilities {acceptInsecureCerts: false, browserName: chrome, browserVersion: 80.0.3987.132, chrome: {chromedriverVersion: 80.0.3987.106 (f68069574609..., userDataDir: /var/folders/_k/f35cd2b56zl...}, goog:chromeOptions: {debuggerAddress: localhost:61115}, javascriptEnabled: true, networkConnectionEnabled: false, pageLoadStrategy: normal, platform: MAC, platformName: MAC, proxy: Proxy(), setWindowRect: true, strictFileInteractability: false, timeouts: {implicit: 0, pageLoad: 300000, script: 30000}, unhandledPromptBehavior: dismiss and notify}
Session ID: f3859b0a53bd7d27d0622bfeb0653140
	at java.base/jdk.internal.reflect.NativeConstructorAccessorImpl.newInstance0(Native Method)
	at java.base/jdk.internal.reflect.NativeConstructorAccessorImpl.newInstance(NativeConstructorAccessorImpl.java:62)
	at java.base/jdk.internal.reflect.DelegatingConstructorAccessorImpl.newInstance(DelegatingConstructorAccessorImpl.java:45)
	at java.base/java.lang.reflect.Constructor.newInstanceWithCaller(Constructor.java:500)
	at java.base/java.lang.reflect.Constructor.newInstance(Constructor.java:481)
	at org.openqa.selenium.remote.http.W3CHttpResponseCodec.createException(W3CHttpResponseCodec.java:187)
	at org.openqa.selenium.remote.http.W3CHttpResponseCodec.decode(W3CHttpResponseCodec.java:122)
	at org.openqa.selenium.remote.http.W3CHttpResponseCodec.decode(W3CHttpResponseCodec.java:49)
	at org.openqa.selenium.remote.HttpCommandExecutor.execute(HttpCommandExecutor.java:158)
	at org.openqa.selenium.remote.service.DriverCommandExecutor.execute(DriverCommandExecutor.java:83)
	at org.openqa.selenium.remote.RemoteWebDriver.execute(RemoteWebDriver.java:552)
	at org.openqa.selenium.remote.RemoteWebDriver.get(RemoteWebDriver.java:277)
	at steps.smartbearSteps.OrderStepDefs.user_is_logged_into_SmartBear_Tester_account_and_on_Order_page(OrderStepDefs.java:27)
	at ✽.User is logged into SmartBear Tester account and on Order page(src/test/resources/features/SmartbearFeatures/orderProcess.feature:6)

org.openqa.selenium.NoSuchElementException: no such element: Unable to locate element: {"method":"xpath","selector":"//select[@id='ctl00_MainContent_fmwOrder_ddlProduct']"}
  (Session info: chrome=80.0.3987.132)
For documentation on this error, please visit: https://www.seleniumhq.org/exceptions/no_such_element.html
Build info: version: '3.141.59', revision: 'e82be7d358', time: '2018-11-14T08:17:03'
System info: host: 'Akylbeks-MacBook-Pro.local', ip: '192.168.1.131', os.name: 'Mac OS X', os.arch: 'x86_64', os.version: '10.15.1', java.version: '12.0.2'
Driver info: org.openqa.selenium.chrome.ChromeDriver
Capabilities {acceptInsecureCerts: false, browserName: chrome, browserVersion: 80.0.3987.132, chrome: {chromedriverVersion: 80.0.3987.106 (f68069574609..., userDataDir: /var/folders/_k/f35cd2b56zl...}, goog:chromeOptions: {debuggerAddress: localhost:61368}, javascriptEnabled: true, networkConnectionEnabled: false, pageLoadStrategy: normal, platform: MAC, platformName: MAC, proxy: Proxy(), setWindowRect: true, strictFileInteractability: false, timeouts: {implicit: 0, pageLoad: 300000, script: 30000}, unhandledPromptBehavior: dismiss and notify}
Session ID: 64992c3ad7dc8b72b27f6cd5c33aa2dc
*** Element info: {Using=xpath, value=//select[@id='ctl00_MainContent_fmwOrder_ddlProduct']}
	at java.base/jdk.internal.reflect.NativeConstructorAccessorImpl.newInstance0(Native Method)
	at java.base/jdk.internal.reflect.NativeConstructorAccessorImpl.newInstance(NativeConstructorAccessorImpl.java:62)
	at java.base/jdk.internal.reflect.DelegatingConstructorAccessorImpl.newInstance(DelegatingConstructorAccessorImpl.java:45)
	at java.base/java.lang.reflect.Constructor.newInstanceWithCaller(Constructor.java:500)
	at java.base/java.lang.reflect.Constructor.newInstance(Constructor.java:481)
	at org.openqa.selenium.remote.http.W3CHttpResponseCodec.createException(W3CHttpResponseCodec.java:187)
	at org.openqa.selenium.remote.http.W3CHttpResponseCodec.decode(W3CHttpResponseCodec.java:122)
	at org.openqa.selenium.remote.http.W3CHttpResponseCodec.decode(W3CHttpResponseCodec.java:49)
	at org.openqa.selenium.remote.HttpCommandExecutor.execute(HttpCommandExecutor.java:158)
	at org.openqa.selenium.remote.service.DriverCommandExecutor.execute(DriverCommandExecutor.java:83)
	at org.openqa.selenium.remote.RemoteWebDriver.execute(RemoteWebDriver.java:552)
	at org.openqa.selenium.remote.RemoteWebDriver.findElement(RemoteWebDriver.java:323)
	at org.openqa.selenium.remote.RemoteWebDriver.findElementByXPath(RemoteWebDriver.java:428)
	at org.openqa.selenium.By$ByXPath.findElement(By.java:353)
	at org.openqa.selenium.remote.RemoteWebDriver.findElement(RemoteWebDriver.java:315)
	at org.openqa.selenium.support.pagefactory.DefaultElementLocator.findElement(DefaultElementLocator.java:69)
	at org.openqa.selenium.support.pagefactory.internal.LocatingElementHandler.invoke(LocatingElementHandler.java:38)
	at com.sun.proxy.$Proxy32.getTagName(Unknown Source)
	at org.openqa.selenium.support.ui.Select.<init>(Select.java:45)
	at steps.smartbearSteps.OrderStepDefs.user_selects_from_product_dropdown(OrderStepDefs.java:38)
	at ✽.User selects "FamilyAlbum" from product dropdown(src/test/resources/features/SmartbearFeatures/orderProcess.feature:7)

[INFO ] 2020-03-07 14:02:02.191 [pool-1-thread-1] Log - scenario start point: SmartBear order process
]]></system-out>
    <system-err><![CDATA[SLF4J: Failed to load class "org.slf4j.impl.StaticLoggerBinder".
SLF4J: Defaulting to no-operation (NOP) logger implementation
SLF4J: See http://www.slf4j.org/codes.html#StaticLoggerBinder for further details.
Starting ChromeDriver 80.0.3987.106 (f68069574609230cf9b635cd784cfb1bf81bb53a-refs/branch-heads/3987@{#882}) on port 40913
Only local connections are allowed.
Please protect ports used by ChromeDriver and related test frameworks to prevent access by malicious code.
Mar 07, 2020 2:02:13 PM org.openqa.selenium.remote.ProtocolHandshake createSession
INFO: Detected dialect: W3C
[1583611634.296][SEVERE]: Timed out receiving message from renderer: 299.993
[1583611634.297][SEVERE]: Timed out receiving message from renderer: -0.001
[1583611634.305][SEVERE]: Timed out receiving message from renderer: -0.009
]]></system-err>
  </testcase>
  <testcase name="SmartBear order process" classname="Smartbear order placing feature" time="41.717">
    <error message="no such element: Unable to locate element: {&quot;method&quot;:&quot;xpath&quot;,&quot;selector&quot;:&quot;//select[@id=&apos;ctl00_MainContent_fmwOrder_ddlProduct&apos;]&quot;}&#10;  (Session info: chrome=80.0.3987.132)&#10;For documentation on this error, please visit: https://www.seleniumhq.org/exceptions/no_such_element.html&#10;Build info: version: &apos;3.141.59&apos;, revision: &apos;e82be7d358&apos;, time: &apos;2018-11-14T08:17:03&apos;&#10;System info: host: &apos;Akylbeks-MacBook-Pro.local&apos;, ip: &apos;192.168.1.131&apos;, os.name: &apos;Mac OS X&apos;, os.arch: &apos;x86_64&apos;, os.version: &apos;10.15.1&apos;, java.version: &apos;12.0.2&apos;&#10;Driver info: org.openqa.selenium.chrome.ChromeDriver&#10;Capabilities {acceptInsecureCerts: false, browserName: chrome, browserVersion: 80.0.3987.132, chrome: {chromedriverVersion: 80.0.3987.106 (f68069574609..., userDataDir: /var/folders/_k/f35cd2b56zl...}, goog:chromeOptions: {debuggerAddress: localhost:61368}, javascriptEnabled: true, networkConnectionEnabled: false, pageLoadStrategy: normal, platform: MAC, platformName: MAC, proxy: Proxy(), setWindowRect: true, strictFileInteractability: false, timeouts: {implicit: 0, pageLoad: 300000, script: 30000}, unhandledPromptBehavior: dismiss and notify}&#10;Session ID: 64992c3ad7dc8b72b27f6cd5c33aa2dc&#10;*** Element info: {Using=xpath, value=//select[@id=&apos;ctl00_MainContent_fmwOrder_ddlProduct&apos;]}" type="org.openqa.selenium.NoSuchElementException">org.openqa.selenium.NoSuchElementException: 
no such element: Unable to locate element: {"method":"xpath","selector":"//select[@id='ctl00_MainContent_fmwOrder_ddlProduct']"}
  (Session info: chrome=80.0.3987.132)
For documentation on this error, please visit: https://www.seleniumhq.org/exceptions/no_such_element.html
Build info: version: '3.141.59', revision: 'e82be7d358', time: '2018-11-14T08:17:03'
System info: host: 'Akylbeks-MacBook-Pro.local', ip: '192.168.1.131', os.name: 'Mac OS X', os.arch: 'x86_64', os.version: '10.15.1', java.version: '12.0.2'
Driver info: org.openqa.selenium.chrome.ChromeDriver
Capabilities {acceptInsecureCerts: false, browserName: chrome, browserVersion: 80.0.3987.132, chrome: {chromedriverVersion: 80.0.3987.106 (f68069574609..., userDataDir: /var/folders/_k/f35cd2b56zl...}, goog:chromeOptions: {debuggerAddress: localhost:61368}, javascriptEnabled: true, networkConnectionEnabled: false, pageLoadStrategy: normal, platform: MAC, platformName: MAC, proxy: Proxy(), setWindowRect: true, strictFileInteractability: false, timeouts: {implicit: 0, pageLoad: 300000, script: 30000}, unhandledPromptBehavior: dismiss and notify}
Session ID: 64992c3ad7dc8b72b27f6cd5c33aa2dc
*** Element info: {Using=xpath, value=//select[@id='ctl00_MainContent_fmwOrder_ddlProduct']}
</error>
    <system-out><![CDATA[[INFO ] 2020-03-07 14:07:15.246 [pool-1-thread-1] Log - scenario start point: SmartBear order process
]]></system-out>
    <system-err><![CDATA[Starting ChromeDriver 80.0.3987.106 (f68069574609230cf9b635cd784cfb1bf81bb53a-refs/branch-heads/3987@{#882}) on port 12025
Only local connections are allowed.
Please protect ports used by ChromeDriver and related test frameworks to prevent access by malicious code.
Mar 07, 2020 2:07:22 PM org.openqa.selenium.remote.ProtocolHandshake createSession
INFO: Detected dialect: W3C
[1583611645.427][SEVERE]: Timed out receiving message from renderer: 0.100
[1583611645.529][SEVERE]: Timed out receiving message from renderer: 0.100
[1583611645.631][SEVERE]: Timed out receiving message from renderer: 0.100
[1583611645.797][SEVERE]: Timed out receiving message from renderer: 0.100
[1583611645.901][SEVERE]: Timed out receiving message from renderer: 0.100
[1583611646.003][SEVERE]: Timed out receiving message from renderer: 0.100
[1583611646.105][SEVERE]: Timed out receiving message from renderer: 0.100
[1583611646.207][SEVERE]: Timed out receiving message from renderer: 0.100
[1583611646.309][SEVERE]: Timed out receiving message from renderer: 0.100
[1583611646.411][SEVERE]: Timed out receiving message from renderer: 0.100
[1583611646.513][SEVERE]: Timed out receiving message from renderer: 0.100
[1583611646.656][SEVERE]: Timed out receiving message from renderer: 0.100
[1583611646.758][SEVERE]: Timed out receiving message from renderer: 0.100
[1583611646.859][SEVERE]: Timed out receiving message from renderer: 0.100
[1583611646.961][SEVERE]: Timed out receiving message from renderer: 0.100
[1583611647.062][SEVERE]: Timed out receiving message from renderer: 0.100
[1583611647.163][SEVERE]: Timed out receiving message from renderer: 0.100
[1583611647.265][SEVERE]: Timed out receiving message from renderer: 0.100
[1583611647.366][SEVERE]: Timed out receiving message from renderer: 0.100
[1583611647.468][SEVERE]: Timed out receiving message from renderer: 0.100
[1583611647.570][SEVERE]: Timed out receiving message from renderer: 0.100
[1583611651.708][SEVERE]: Timed out receiving message from renderer: 0.100
[1583611651.811][SEVERE]: Timed out receiving message from renderer: 0.100
[1583611651.911][SEVERE]: Timed out receiving message from renderer: 0.100
[1583611652.013][SEVERE]: Timed out receiving message from renderer: 0.100
[1583611652.116][SEVERE]: Timed out receiving message from renderer: 0.100
[1583611652.217][SEVERE]: Timed out receiving message from renderer: 0.100
[1583611652.318][SEVERE]: Timed out receiving message from renderer: 0.100
[1583611652.420][SEVERE]: Timed out receiving message from renderer: 0.100
[1583611652.526][SEVERE]: Timed out receiving message from renderer: 0.100
[1583611652.627][SEVERE]: Timed out receiving message from renderer: 0.100
[1583611652.728][SEVERE]: Timed out receiving message from renderer: 0.100
[1583611652.829][SEVERE]: Timed out receiving message from renderer: 0.100
[1583611652.931][SEVERE]: Timed out receiving message from renderer: 0.100
[1583611653.032][SEVERE]: Timed out receiving message from renderer: 0.100
[1583611653.135][SEVERE]: Timed out receiving message from renderer: 0.100
[1583611653.237][SEVERE]: Timed out receiving message from renderer: 0.100
[1583611653.340][SEVERE]: Timed out receiving message from renderer: 0.100
[1583611653.442][SEVERE]: Timed out receiving message from renderer: 0.100
[1583611653.641][SEVERE]: Timed out receiving message from renderer: 0.100
[1583611653.744][SEVERE]: Timed out receiving message from renderer: 0.100
[1583611653.845][SEVERE]: Timed out receiving message from renderer: 0.100
[1583611653.947][SEVERE]: Timed out receiving message from renderer: 0.100
[1583611654.050][SEVERE]: Timed out receiving message from renderer: 0.100
[1583611654.153][SEVERE]: Timed out receiving message from renderer: 0.100
[1583611654.255][SEVERE]: Timed out receiving message from renderer: 0.100
[1583611654.358][SEVERE]: Timed out receiving message from renderer: 0.100
[1583611654.460][SEVERE]: Timed out receiving message from renderer: 0.100
[1583611654.563][SEVERE]: Timed out receiving message from renderer: 0.100
[1583611654.666][SEVERE]: Timed out receiving message from renderer: 0.100
[1583611654.771][SEVERE]: Timed out receiving message from renderer: 0.100
[1583611654.873][SEVERE]: Timed out receiving message from renderer: 0.100
[1583611654.974][SEVERE]: Timed out receiving message from renderer: 0.100
[1583611655.076][SEVERE]: Timed out receiving message from renderer: 0.100
[1583611655.178][SEVERE]: Timed out receiving message from renderer: 0.100
[1583611655.280][SEVERE]: Timed out receiving message from renderer: 0.100
[1583611655.382][SEVERE]: Timed out receiving message from renderer: 0.100
[1583611655.484][SEVERE]: Timed out receiving message from renderer: 0.100
[1583611655.590][SEVERE]: Timed out receiving message from renderer: 0.100
[1583611655.692][SEVERE]: Timed out receiving message from renderer: 0.100
[1583611655.794][SEVERE]: Timed out receiving message from renderer: 0.100
[1583611655.896][SEVERE]: Timed out receiving message from renderer: 0.100
[1583611655.998][SEVERE]: Timed out receiving message from renderer: 0.100
[1583611656.099][SEVERE]: Timed out receiving message from renderer: 0.100
[1583611656.202][SEVERE]: Timed out receiving message from renderer: 0.100
[1583611656.304][SEVERE]: Timed out receiving message from renderer: 0.100
[1583611656.406][SEVERE]: Timed out receiving message from renderer: 0.100
[1583611656.507][SEVERE]: Timed out receiving message from renderer: 0.100
[1583611656.608][SEVERE]: Timed out receiving message from renderer: 0.100
[1583611656.709][SEVERE]: Timed out receiving message from renderer: 0.100
[1583611656.812][SEVERE]: Timed out receiving message from renderer: 0.100
[1583611656.914][SEVERE]: Timed out receiving message from renderer: 0.100
[1583611657.017][SEVERE]: Timed out receiving message from renderer: 0.100
[1583611657.120][SEVERE]: Timed out receiving message from renderer: 0.100
[1583611657.222][SEVERE]: Timed out receiving message from renderer: 0.100
[1583611657.324][SEVERE]: Timed out receiving message from renderer: 0.100
[1583611657.427][SEVERE]: Timed out receiving message from renderer: 0.100
[1583611657.529][SEVERE]: Timed out receiving message from renderer: 0.100
[1583611657.631][SEVERE]: Timed out receiving message from renderer: 0.100
[1583611657.733][SEVERE]: Timed out receiving message from renderer: 0.100
[1583611657.836][SEVERE]: Timed out receiving message from renderer: 0.100
[1583611657.938][SEVERE]: Timed out receiving message from renderer: 0.100
[1583611658.040][SEVERE]: Timed out receiving message from renderer: 0.100
[1583611658.143][SEVERE]: Timed out receiving message from renderer: 0.100
[1583611658.245][SEVERE]: Timed out receiving message from renderer: 0.100
[1583611658.347][SEVERE]: Timed out receiving message from renderer: 0.100
[1583611658.449][SEVERE]: Timed out receiving message from renderer: 0.100
[1583611658.552][SEVERE]: Timed out receiving message from renderer: 0.100
[1583611658.655][SEVERE]: Timed out receiving message from renderer: 0.100
[1583611658.757][SEVERE]: Timed out receiving message from renderer: 0.100
[1583611658.861][SEVERE]: Timed out receiving message from renderer: 0.100
[1583611658.962][SEVERE]: Timed out receiving message from renderer: 0.100
[1583611659.064][SEVERE]: Timed out receiving message from renderer: 0.100
[1583611659.167][SEVERE]: Timed out receiving message from renderer: 0.100
[1583611659.269][SEVERE]: Timed out receiving message from renderer: 0.100
[1583611659.370][SEVERE]: Timed out receiving message from renderer: 0.100
[1583611659.474][SEVERE]: Timed out receiving message from renderer: 0.100
[1583611659.577][SEVERE]: Timed out receiving message from renderer: 0.100
[1583611659.679][SEVERE]: Timed out receiving message from renderer: 0.100
[1583611659.782][SEVERE]: Timed out receiving message from renderer: 0.100
[1583611659.884][SEVERE]: Timed out receiving message from renderer: 0.100
[1583611659.986][SEVERE]: Timed out receiving message from renderer: 0.100
[1583611660.089][SEVERE]: Timed out receiving message from renderer: 0.100
[1583611660.191][SEVERE]: Timed out receiving message from renderer: 0.100
[1583611660.293][SEVERE]: Timed out receiving message from renderer: 0.100
[1583611660.396][SEVERE]: Timed out receiving message from renderer: 0.100
]]></system-err>
  </testcase>
  <testcase name="SmartBear order process" classname="Smartbear order placing feature" time="11.194"/>
  <testcase name="SmartBear order process" classname="Smartbear order placing feature" time="11.585"/>
  <testcase name="SmartBear order process" classname="Smartbear order placing feature" time="8.859"/>
  <testcase name="SmartBear order process" classname="Smartbear order placing feature" time="26.994"/>
  <testcase name="SmartBear order process" classname="Smartbear order placing feature" time="6.49"/>
  <testcase name="SmartBear order process" classname="Smartbear order placing feature" time="10.505"/>
</testsuite>